<?xml version="1.0" encoding="UTF-8"?>
<!-- Generated by org.testng.reporters.JUnitXMLReporter -->
<testsuite ignored="0" hostname="DESKTOP-C6R3MST" failures="0" tests="3" name="Default test" time="36.58" errors="0" timestamp="2021-08-08T18:31:15 IST">
  <testcase classname="FacebookAuto.FacebookTest" name="CreateAcc" time="2.503"/>
  <testcase classname="FacebookAuto.FacebookTest" name="CreateAcc" time="2.764"/>
  <testcase classname="FacebookAuto.FacebookTest" name="CreateAcc" time="4.802"/>
</testsuite> <!-- Default test -->
