<?xml version="1.0" encoding="UTF-8"?>
<testng-results ignored="0" total="3" passed="3" failed="0" skipped="0">
  <reporter-output>
  </reporter-output>
  <suite started-at="2021-08-08T18:30:39 IST" name="Default suite" finished-at="2021-08-08T18:31:15 IST" duration-ms="36580">
    <groups>
    </groups>
    <test started-at="2021-08-08T18:30:39 IST" name="Default test" finished-at="2021-08-08T18:31:15 IST" duration-ms="36580">
      <class name="FacebookAuto.FacebookTest">
        <test-method is-config="true" signature="Launch()[pri:0, instance:FacebookAuto.FacebookTest@708f5957]" started-at="2021-08-08T18:30:40 IST" name="Launch" finished-at="2021-08-08T18:30:48 IST" duration-ms="7765" status="PASS">
          <reporter-output>
          </reporter-output>
        </test-method> <!-- Launch -->
        <test-method signature="CreateAcc(java.lang.String,java.lang.String,java.lang.String,java.lang.String,java.lang.String,java.lang.String,java.lang.String,java.lang.String,java.lang.String,java.lang.String)[pri:0, instance:FacebookAuto.FacebookTest@708f5957]" started-at="2021-08-08T18:30:48 IST" name="CreateAcc" data-provider="get" finished-at="2021-08-08T18:30:50 IST" duration-ms="2503" status="PASS">
          <params>
            <param index="0">
              <value>
                <![CDATA[aaaa]]>
              </value>
            </param>
            <param index="1">
              <value>
                <![CDATA[bbbbb]]>
              </value>
            </param>
            <param index="2">
              <value>
                <![CDATA[aa.bb@gmail.com]]>
              </value>
            </param>
            <param index="3">
              <value>
                <![CDATA[aa.bb@gmail.com]]>
              </value>
            </param>
            <param index="4">
              <value>
                <![CDATA[aabb@123]]>
              </value>
            </param>
            <param index="5">
              <value>
                <![CDATA[10.0]]>
              </value>
            </param>
            <param index="6">
              <value>
                <![CDATA[Jan]]>
              </value>
            </param>
            <param index="7">
              <value>
                <![CDATA[2020.0]]>
              </value>
            </param>
            <param index="8">
              <value>
                <![CDATA[Male]]>
              </value>
            </param>
            <param index="9">
              <value>
                <![CDATA[NA]]>
              </value>
            </param>
          </params>
          <reporter-output>
          </reporter-output>
        </test-method> <!-- CreateAcc -->
        <test-method is-config="true" signature="tesrDown()[pri:0, instance:FacebookAuto.FacebookTest@708f5957]" started-at="2021-08-08T18:30:50 IST" name="tesrDown" finished-at="2021-08-08T18:30:51 IST" duration-ms="1014" status="PASS">
          <reporter-output>
          </reporter-output>
        </test-method> <!-- tesrDown -->
        <test-method is-config="true" signature="Launch()[pri:0, instance:FacebookAuto.FacebookTest@708f5957]" started-at="2021-08-08T18:30:51 IST" name="Launch" finished-at="2021-08-08T18:30:58 IST" duration-ms="6624" status="PASS">
          <reporter-output>
          </reporter-output>
        </test-method> <!-- Launch -->
        <test-method signature="CreateAcc(java.lang.String,java.lang.String,java.lang.String,java.lang.String,java.lang.String,java.lang.String,java.lang.String,java.lang.String,java.lang.String,java.lang.String)[pri:0, instance:FacebookAuto.FacebookTest@708f5957]" started-at="2021-08-08T18:30:58 IST" name="CreateAcc" data-provider="get" finished-at="2021-08-08T18:31:00 IST" duration-ms="2764" status="PASS">
          <params>
            <param index="0">
              <value>
                <![CDATA[qqq]]>
              </value>
            </param>
            <param index="1">
              <value>
                <![CDATA[www]]>
              </value>
            </param>
            <param index="2">
              <value>
                <![CDATA[qq.ww@gmail.com]]>
              </value>
            </param>
            <param index="3">
              <value>
                <![CDATA[qq.ww@gmail.com]]>
              </value>
            </param>
            <param index="4">
              <value>
                <![CDATA[qqww@123]]>
              </value>
            </param>
            <param index="5">
              <value>
                <![CDATA[11.0]]>
              </value>
            </param>
            <param index="6">
              <value>
                <![CDATA[Oct]]>
              </value>
            </param>
            <param index="7">
              <value>
                <![CDATA[1995.0]]>
              </value>
            </param>
            <param index="8">
              <value>
                <![CDATA[Female]]>
              </value>
            </param>
            <param index="9">
              <value>
                <![CDATA[NA]]>
              </value>
            </param>
          </params>
          <reporter-output>
          </reporter-output>
        </test-method> <!-- CreateAcc -->
        <test-method is-config="true" signature="tesrDown()[pri:0, instance:FacebookAuto.FacebookTest@708f5957]" started-at="2021-08-08T18:31:00 IST" name="tesrDown" finished-at="2021-08-08T18:31:02 IST" duration-ms="1251" status="PASS">
          <reporter-output>
          </reporter-output>
        </test-method> <!-- tesrDown -->
        <test-method is-config="true" signature="Launch()[pri:0, instance:FacebookAuto.FacebookTest@708f5957]" started-at="2021-08-08T18:31:02 IST" name="Launch" finished-at="2021-08-08T18:31:09 IST" duration-ms="7476" status="PASS">
          <reporter-output>
          </reporter-output>
        </test-method> <!-- Launch -->
        <test-method signature="CreateAcc(java.lang.String,java.lang.String,java.lang.String,java.lang.String,java.lang.String,java.lang.String,java.lang.String,java.lang.String,java.lang.String,java.lang.String)[pri:0, instance:FacebookAuto.FacebookTest@708f5957]" started-at="2021-08-08T18:31:09 IST" name="CreateAcc" data-provider="get" finished-at="2021-08-08T18:31:14 IST" duration-ms="4802" status="PASS">
          <params>
            <param index="0">
              <value>
                <![CDATA[mmm]]>
              </value>
            </param>
            <param index="1">
              <value>
                <![CDATA[nnn]]>
              </value>
            </param>
            <param index="2">
              <value>
                <![CDATA[mmm@gmail.com]]>
              </value>
            </param>
            <param index="3">
              <value>
                <![CDATA[mmm@gmail.com]]>
              </value>
            </param>
            <param index="4">
              <value>
                <![CDATA[mmm@12]]>
              </value>
            </param>
            <param index="5">
              <value>
                <![CDATA[30.0]]>
              </value>
            </param>
            <param index="6">
              <value>
                <![CDATA[May]]>
              </value>
            </param>
            <param index="7">
              <value>
                <![CDATA[2000.0]]>
              </value>
            </param>
            <param index="8">
              <value>
                <![CDATA[Custom]]>
              </value>
            </param>
            <param index="9">
              <value>
                <![CDATA[She]]>
              </value>
            </param>
          </params>
          <reporter-output>
          </reporter-output>
        </test-method> <!-- CreateAcc -->
        <test-method is-config="true" signature="tesrDown()[pri:0, instance:FacebookAuto.FacebookTest@708f5957]" started-at="2021-08-08T18:31:14 IST" name="tesrDown" finished-at="2021-08-08T18:31:15 IST" duration-ms="1281" status="PASS">
          <reporter-output>
          </reporter-output>
        </test-method> <!-- tesrDown -->
      </class> <!-- FacebookAuto.FacebookTest -->
    </test> <!-- Default test -->
  </suite> <!-- Default suite -->
</testng-results>
